<?xml version="1.0" encoding="UTF-8"?>
<!-- Generated by org.testng.reporters.JUnitXMLReporter -->
<testsuite ignored="0" hostname="LAPTOP-KB831JER" failures="0" tests="8" name="Default test" time="0.055" errors="0" timestamp="2022-05-29T23:40:15 IST">
  <testcase classname="testpackage.Practice1" name="sample1" time="0.006"/>
  <testcase classname="testpackage.Practice1" name="sample2" time="0.001"/>
  <testcase classname="testpackage.Practice1" name="sample3" time="0.001"/>
  <testcase classname="testpackage.practice3" name="CarLoan" time="0.001"/>
  <testcase classname="testpackage.practice3" name="homeLoan" time="0.001"/>
  <testcase classname="testpackage.practice2" name="HomePage" time="0.001"/>
  <testcase classname="testpackage.practice2" name="logOut" time="0.001"/>
  <testcase classname="testpackage.practice2" name="login" time="0.001"/>
</testsuite> <!-- Default test -->
