<?xml version="1.0" encoding="UTF-8"?>
<!-- Generated by org.testng.reporters.JUnitXMLReporter -->
<testsuite ignored="2" hostname="LAPTOP-KB831JER" failures="0" tests="4" name="Test" time="0.071" errors="0" timestamp="2022-05-30T14:11:21 IST">
  <testcase classname="testpackage.Practice1" name="sample1" time="0.01"/>
  <testcase classname="testpackage.Practice1" name="sample2" time="0.001"/>
  <testcase classname="testpackage.Practice1" name="sample3" time="0.001"/>
  <testcase classname="testpackage.practice2" name="HomePage" time="0.001"/>
  <testcase classname="testpackage.practice2" name="logOut" time="0.0">
    <ignored/>
  </testcase> <!-- logOut -->
  <testcase classname="testpackage.practice2" name="login" time="0.0">
    <ignored/>
  </testcase> <!-- login -->
</testsuite> <!-- Test -->
